09-ago-22 18:19:27 - INFO - Iniciando Execução - v1.12
09-ago-22 18:19:27 - WARNING - Execução fora do ArcGIS
09-ago-22 18:19:58 - DEBUG - Path: C:\Projects\Imagem\CAESB\ChangeDetection\downloads
09-ago-22 18:20:17 - DEBUG - Running query: order_by=None, limit=None, offset=0, query=beginPosition:["2022-07-10T00:00:00Z" TO "2022-08-10T00:00:00Z"] cloudcoverpercentage:["0" TO "30"] platformname:"Sentinel-2" producttype:"S2MSI2A" filename:S2* footprint:"Intersects(GEOMETRYCOLLECTION(POLYGON((-47.8058 -15.8192,-47.7918 -15.8174,-47.7932 -15.8282,-47.8058 -15.8192))))"
09-ago-22 18:20:17 - DEBUG - Sub-query: offset=0, limit=None
09-ago-22 18:20:17 - DEBUG - Starting new HTTPS connection (1): apihub.copernicus.eu:443
09-ago-22 18:20:19 - DEBUG - https://apihub.copernicus.eu:443 "GET /apihub/search?format=json&rows=100&start=0&q=beginPosition%3A%5B%222022-07-10T00%3A00%3A00Z%22+TO+%222022-08-10T00%3A00%3A00Z%22%5D+cloudcoverpercentage%3A%5B%220%22+TO+%2230%22%5D+platformname%3A%22Sentinel-2%22+producttype%3A%22S2MSI2A%22+filename%3AS2%2A+footprint%3A%22Intersects%28GEOMETRYCOLLECTION%28POLYGON%28%28-47.8058+-15.8192%2C-47.7918+-15.8174%2C-47.7932+-15.8282%2C-47.8058+-15.8192%29%29%29%29%22 HTTP/1.1" 200 None
09-ago-22 18:20:19 - INFO - Found 22 products
09-ago-22 18:20:19 - DEBUG - Running query: order_by=None, limit=None, offset=0, query=beginPosition:["2022-07-10T00:00:00Z" TO "2022-08-10T00:00:00Z"] cloudcoverpercentage:["0" TO "30"] platformname:"Sentinel-2" producttype:"S2MSI2A" filename:S2* footprint:"Intersects(GEOMETRYCOLLECTION(POLYGON((-47.8058 -15.8192,-47.7918 -15.8174,-47.7932 -15.8282,-47.8058 -15.8192))))"
09-ago-22 18:20:19 - DEBUG - Sub-query: offset=0, limit=None
09-ago-22 18:20:19 - DEBUG - Starting new HTTPS connection (1): scihub.copernicus.eu:443
09-ago-22 18:20:21 - DEBUG - https://scihub.copernicus.eu:443 "GET /dhus/search?format=json&rows=100&start=0&q=beginPosition%3A%5B%222022-07-10T00%3A00%3A00Z%22+TO+%222022-08-10T00%3A00%3A00Z%22%5D+cloudcoverpercentage%3A%5B%220%22+TO+%2230%22%5D+platformname%3A%22Sentinel-2%22+producttype%3A%22S2MSI2A%22+filename%3AS2%2A+footprint%3A%22Intersects%28GEOMETRYCOLLECTION%28POLYGON%28%28-47.8058+-15.8192%2C-47.7918+-15.8174%2C-47.7932+-15.8282%2C-47.8058+-15.8192%29%29%29%29%22 HTTP/1.1" 200 None
09-ago-22 18:20:21 - INFO - Found 22 products
09-ago-22 18:20:22 - DEBUG - https://scihub.copernicus.eu:443 "GET /dhus/odata/v1/Products('a1cf7e05-c6de-4272-97c4-f777179e7633')/Online/$value HTTP/1.1" 200 4
09-ago-22 18:20:23 - DEBUG - https://scihub.copernicus.eu:443 "GET /dhus/odata/v1/Products('a1cf7e05-c6de-4272-97c4-f777179e7633')/Nodes('S2A_MSIL2A_20220807T132241_N0400_R038_T22LHH_20220807T201156.SAFE')/Nodes('MTD_MSIL2A.xml')/$value HTTP/1.1" 200 54808
09-ago-22 18:20:24 - DEBUG - https://scihub.copernicus.eu:443 "GET /dhus/odata/v1/Products('79f8e286-c5a9-4ff5-9c9d-9fd1b73a750e')/Online/$value HTTP/1.1" 200 4
09-ago-22 18:20:25 - DEBUG - https://scihub.copernicus.eu:443 "GET /dhus/odata/v1/Products('79f8e286-c5a9-4ff5-9c9d-9fd1b73a750e')/Nodes('S2B_MSIL2A_20220805T133149_N0400_R081_T22LHH_20220805T155243.SAFE')/Nodes('MTD_MSIL2A.xml')/$value HTTP/1.1" 200 54990
09-ago-22 18:20:26 - DEBUG - https://scihub.copernicus.eu:443 "GET /dhus/odata/v1/Products('7899dc53-5955-456b-be73-8c14b63c3b28')/Online/$value HTTP/1.1" 200 4
09-ago-22 18:20:27 - DEBUG - https://scihub.copernicus.eu:443 "GET /dhus/odata/v1/Products('7899dc53-5955-456b-be73-8c14b63c3b28')/Nodes('S2B_MSIL2A_20220802T132239_N0400_R038_T22LHH_20220802T153729.SAFE')/Nodes('MTD_MSIL2A.xml')/$value HTTP/1.1" 200 54648
09-ago-22 18:20:27 - DEBUG - https://scihub.copernicus.eu:443 "GET /dhus/odata/v1/Products('6f6a7bb8-2949-495b-b5bc-f68bc0e798a2')/Online/$value HTTP/1.1" 200 4
09-ago-22 18:20:28 - DEBUG - https://scihub.copernicus.eu:443 "GET /dhus/odata/v1/Products('6f6a7bb8-2949-495b-b5bc-f68bc0e798a2')/Nodes('S2A_MSIL2A_20220731T133201_N0400_R081_T22LHH_20220731T210959.SAFE')/Nodes('MTD_MSIL2A.xml')/$value HTTP/1.1" 200 55130
09-ago-22 18:20:29 - DEBUG - https://scihub.copernicus.eu:443 "GET /dhus/odata/v1/Products('3b343e1c-776a-45b7-a7e7-cd8180283850')/Online/$value HTTP/1.1" 200 4
09-ago-22 18:20:33 - DEBUG - https://scihub.copernicus.eu:443 "GET /dhus/odata/v1/Products('3b343e1c-776a-45b7-a7e7-cd8180283850')/Nodes('S2A_MSIL2A_20220728T132241_N0400_R038_T22LHH_20220728T202457.SAFE')/Nodes('MTD_MSIL2A.xml')/$value HTTP/1.1" 200 54814
09-ago-22 18:20:34 - DEBUG - https://scihub.copernicus.eu:443 "GET /dhus/odata/v1/Products('910297f2-f4f2-40d8-a1cb-bd77cd4a6659')/Online/$value HTTP/1.1" 200 4
09-ago-22 18:20:34 - DEBUG - https://scihub.copernicus.eu:443 "GET /dhus/odata/v1/Products('910297f2-f4f2-40d8-a1cb-bd77cd4a6659')/Nodes('S2B_MSIL2A_20220726T133149_N0400_R081_T22LHH_20220726T172355.SAFE')/Nodes('MTD_MSIL2A.xml')/$value HTTP/1.1" 200 55019
09-ago-22 18:20:35 - DEBUG - https://scihub.copernicus.eu:443 "GET /dhus/odata/v1/Products('53afb91c-7652-4db1-90d9-f073a8b3ca10')/Online/$value HTTP/1.1" 200 4
09-ago-22 18:20:36 - DEBUG - https://scihub.copernicus.eu:443 "GET /dhus/odata/v1/Products('53afb91c-7652-4db1-90d9-f073a8b3ca10')/Nodes('S2B_MSIL2A_20220723T132239_N0400_R038_T22LHH_20220723T153603.SAFE')/Nodes('MTD_MSIL2A.xml')/$value HTTP/1.1" 200 54697
09-ago-22 18:20:36 - DEBUG - https://scihub.copernicus.eu:443 "GET /dhus/odata/v1/Products('4f972c2d-c9c7-43a7-a6b3-979c878afdf6')/Online/$value HTTP/1.1" 200 4
09-ago-22 18:20:38 - DEBUG - https://scihub.copernicus.eu:443 "GET /dhus/odata/v1/Products('4f972c2d-c9c7-43a7-a6b3-979c878afdf6')/Nodes('S2A_MSIL2A_20220721T133201_N0400_R081_T22LHH_20220721T210200.SAFE')/Nodes('MTD_MSIL2A.xml')/$value HTTP/1.1" 200 55133
09-ago-22 18:20:38 - DEBUG - https://scihub.copernicus.eu:443 "GET /dhus/odata/v1/Products('1346e46a-19e8-4612-8731-b69bfd787844')/Online/$value HTTP/1.1" 200 4
09-ago-22 18:20:40 - DEBUG - https://scihub.copernicus.eu:443 "GET /dhus/odata/v1/Products('1346e46a-19e8-4612-8731-b69bfd787844')/Nodes('S2A_MSIL2A_20220718T132251_N0400_R038_T22LHH_20220718T201453.SAFE')/Nodes('MTD_MSIL2A.xml')/$value HTTP/1.1" 200 54841
09-ago-22 18:20:40 - DEBUG - https://scihub.copernicus.eu:443 "GET /dhus/odata/v1/Products('ba99fac5-c2c2-4246-9fd3-a13304856939')/Online/$value HTTP/1.1" 200 4
09-ago-22 18:20:41 - DEBUG - https://scihub.copernicus.eu:443 "GET /dhus/odata/v1/Products('ba99fac5-c2c2-4246-9fd3-a13304856939')/Nodes('S2B_MSIL2A_20220716T133149_N0400_R081_T22LHH_20220716T155307.SAFE')/Nodes('MTD_MSIL2A.xml')/$value HTTP/1.1" 200 54976
09-ago-22 18:20:42 - DEBUG - https://scihub.copernicus.eu:443 "GET /dhus/odata/v1/Products('1efcecab-6815-4d52-ad99-1852b85eaa71')/Online/$value HTTP/1.1" 200 4
09-ago-22 18:20:46 - DEBUG - https://scihub.copernicus.eu:443 "GET /dhus/odata/v1/Products('1efcecab-6815-4d52-ad99-1852b85eaa71')/Nodes('S2B_MSIL2A_20220713T132239_N0400_R038_T22LHH_20220713T154018.SAFE')/Nodes('MTD_MSIL2A.xml')/$value HTTP/1.1" 200 54670
